T117C 1034:742 SEGGER J-Link V6.18a Log File (0013ms, 0740ms total)
T117C 1034:742 DLL Compiled: Aug 11 2017 17:53:19 (0013ms, 0740ms total)
T117C 1034:742 Logging started @ 2018-05-26 21:00 (0013ms, 0740ms total)
T117C 1034:772 JLINK_ExecCommand("Device = AT91SAM4S8B", ...).   returns 0x00 (0005ms, 0745ms total)
T117C 1034:805 JLINK_ExecCommand("ProjectFile = D:\Git\ESD2_NetworkedProgrammer\Swissler_Task3\Swissler_Task3\jlink.config", ...).   returns 0x00 (0008ms, 0753ms total)
T117C 1034:830 JLINK_ExecCommand("Device = AT91SAM4S8B", ...).   returns 0x00 (0004ms, 0757ms total)
T117C 1034:834 JLINK_TIF_Select(JLINKARM_TIF_SWD)  returns 0x00 (0000ms, 0757ms total)
T117C 1034:834 JLINK_SetSpeed(4000) (0001ms, 0758ms total)
T117C 1034:835 JLINK_ResetPullsRESET(OFF) (0000ms, 0758ms total)
T117C 1034:835 JLINK_Connect() >0x10B TIF>Found SW-DP with ID 0x2BA01477 >0x0D TIF> >0x28 TIF> >0x0D TIF> >0x28 TIF> >0x0D TIF> >0x28 TIF> >0x0D TIF> >0x28 TIF> >0x0D TIF> >0x21 TIF> >0x0D TIF> >0x28 TIF>AP map detection skipped. User manually configured AP map.AP[0]: AHB-AP (IDR: Not set) >0x42 TIF> >0x28 TIF> >0x0D TIF> >0x21 TIF> >0x0D TIF> >0x21 TIF> >0x42 TIF> >0x28 TIF> >0x0D TIF> >0x28 TIF> >0x0D TIF> >0x28 TIF> >0x0D TIF> >0x21 TIF> >0x0D TIF> >0x21 TIF>AP[0]: Core found
AP[0]: AHB-AP ROM base: 0xE00FF000 >0x0D TIF> >0x28 TIF> >0x0D TIF> >0x28 TIF> >0x0D TIF> >0x28 TIF> >0x0D TIF> >0x21 TIF> >0x0D TIF> >0x21 TIF>CPUID register: 0x410FC241. Implementer code: 0x41 (ARM)Found Cortex-M4 r0p1, Little endian. -- CPU_ReadMem(4 bytes @ 0xE000EDF0) -- CPU_ReadMem(4 bytes @ 0xE0002000) -- CPU_ReadMem(4 bytes @ 0xE000EDFC) -- CPU_ReadMem(4 bytes @ 0xE0001000) -- CPU_WriteMem(4 bytes @ 0xE0001000) -- CPU_ReadMem(4 bytes @ 0xE000ED88) -- CPU_WriteMem(4 bytes @ 0xE000ED88)
 -- CPU_ReadMem(4 bytes @ 0xE000ED88) -- CPU_WriteMem(4 bytes @ 0xE000ED88)CoreSight components:ROMTbl[0] @ E00FF000 -- CPU_ReadMem(16 bytes @ 0xE00FF000) -- CPU_ReadMem(16 bytes @ 0xE000EFF0) -- CPU_ReadMem(16 bytes @ 0xE000EFE0)ROMTbl[0][0]: E000E000, CID: B105E00D, PID: 000BB000 SCS -- CPU_ReadMem(16 bytes @ 0xE0001FF0) -- CPU_ReadMem(16 bytes @ 0xE0001FE0)ROMTbl[0][1]: E0001000, CID: B105E00D, PID: 003BB002 DWT -- CPU_ReadMem(16 bytes @ 0xE0002FF0) -- CPU_ReadMem(16 bytes @ 0xE0002FE0)
ROMTbl[0][2]: E0002000, CID: B105E00D, PID: 002BB003 FPB -- CPU_ReadMem(16 bytes @ 0xE0000FF0) -- CPU_ReadMem(16 bytes @ 0xE0000FE0)ROMTbl[0][3]: E0000000, CID: B105E00D, PID: 003BB001 ITM -- CPU_ReadMem(16 bytes @ 0xE00FF010) -- CPU_ReadMem(16 bytes @ 0xE0040FF0) -- CPU_ReadMem(16 bytes @ 0xE0040FE0)ROMTbl[0][4]: E0040000, CID: B105900D, PID: 000BB9A1 TPIU  returns 0x00 (0145ms, 0903ms total)
T117C 1034:980 JLINK_Halt()  returns 0x00 (0004ms, 0907ms total)
T117C 1034:984 JLINK_WriteMem(0x400E0A04, 0x0004 Bytes, ...) - Data: 0B 01 00 5A -- CPU_WriteMem(4 bytes @ 0x400E0A04)  returns 0x04 (0001ms, 0908ms total)
T117C 1034:986 JLINK_ReadMem (0x400E0A08, 0x0004 Bytes, ...) -- CPU_ReadMem(4 bytes @ 0x400E0A08) - Data: 01 00 00 00  returns 0x00 (0000ms, 0908ms total)
T117C 1034:987 JLINK_SetResetType(JLINKARM_CM3_RESET_TYPE_NORMAL)  returns JLINKARM_CM3_RESET_TYPE_NORMAL (0000ms, 0908ms total)
T117C 1034:987 JLINK_Reset() -- CPU_ReadMem(16 bytes @ 0x20000000) -- CPU_WriteMem(16 bytes @ 0x20000000) -- CPU_ReadMem(4 bytes @ 0xE000EDFC) -- CPU_WriteMem(4 bytes @ 0xE000EDFC) -- CPU_ReadMem(4 bytes @ 0xE0001000) -- CPU_WriteMem(4 bytes @ 0xE000EDFC) -- CPU_WriteMem(16 bytes @ 0x20000000) -- CPU_WriteMem(4 bytes @ 0xE0002000) -- CPU_ReadMem(4 bytes @ 0xE000EDFC) -- CPU_ReadMem(4 bytes @ 0xE0001000) (0028ms, 0936ms total)
T117C 1035:018 JLINK_JTAG_GetDeviceID(DeviceIndex = 0)  returns 0x00 (0000ms, 0936ms total)
T117C 1035:018 JLINK_ReadMemU32(0x400E0740, 0x0001 Items, ...) -- CPU_ReadMem(4 bytes @ 0x400E0740) - Data: E0 0A 9C 28  returns 0x01 (0002ms, 0938ms total)
T117C 1035:020 JLINK_ReadMemU32(0x400E0744, 0x0001 Items, ...) -- CPU_ReadMem(4 bytes @ 0x400E0744) - Data: 00 00 00 00  returns 0x01 (0000ms, 0938ms total)
T117C 1035:021 JLINK_WriteMem(0x400E0A04, 0x0004 Bytes, ...) - Data: 05 00 00 5A -- CPU_WriteMem(4 bytes @ 0x400E0A04)  returns 0x04 (0001ms, 0940ms total)
T117C 1035:022 JLINK_ReadMem (0x400E0A08, 0x0004 Bytes, ...) -- CPU_ReadMem(4 bytes @ 0x400E0A08) - Data: 00 00 00 00  returns 0x00 (0001ms, 0941ms total)
T117C 1035:025 JLINK_ReadMem (0x400E0A08, 0x0004 Bytes, ...) -- CPU_ReadMem(4 bytes @ 0x400E0A08) - Data: 00 00 00 00  returns 0x00 (0001ms, 0942ms total)
T117C 1035:030 JLINK_ReadMem (0x400E0A08, 0x0004 Bytes, ...) -- CPU_ReadMem(4 bytes @ 0x400E0A08) - Data: 00 00 00 00  returns 0x00 (0001ms, 0943ms total)
T1AD0 1035:031 JLINK_IsHalted()  returns TRUE (0000ms, 0943ms total)
T1AD0 1035:031 JLINK_GetMOEs(...) -- CPU_ReadMem(4 bytes @ 0xE000ED30)  returns 0x01 (0001ms, 0944ms total)
T1AD0 1035:032 JLINK_ReadReg(R15 (PC))  returns 0xFFFFFFFE (0001ms, 0945ms total)
T117C 1035:050 JLINK_ReadMem (0x400E0A08, 0x0004 Bytes, ...) -- CPU_ReadMem(4 bytes @ 0x400E0A08) - Data: 00 00 00 00  returns 0x00 (0001ms, 0946ms total)
T117C 1035:117 JLINK_ReadMem (0x400E0A08, 0x0004 Bytes, ...) -- CPU_ReadMem(4 bytes @ 0x400E0A08) - Data: 00 00 00 00  returns 0x00 (0001ms, 0947ms total)
T1AD0 1035:245 JLINK_IsHalted()  returns TRUE (0000ms, 0947ms total)
T117C 1035:374 JLINK_ReadMem (0x400E0A08, 0x0004 Bytes, ...) -- CPU_ReadMem(4 bytes @ 0x400E0A08) - Data: 00 00 00 00  returns 0x00 (0001ms, 0948ms total)
T1AD0 1035:446 JLINK_IsHalted()  returns TRUE (0000ms, 0948ms total)
T1AD0 1035:647 JLINK_IsHalted()  returns TRUE (0000ms, 0948ms total)
T1AD0 1035:847 JLINK_IsHalted()  returns TRUE (0000ms, 0948ms total)
T1AD0 1036:049 JLINK_IsHalted()  returns TRUE (0000ms, 0948ms total)
T1AD0 1036:249 JLINK_IsHalted()  returns TRUE (0001ms, 0949ms total)
T117C 1036:375 JLINK_ReadMem (0x400E0A08, 0x0004 Bytes, ...) -- CPU_ReadMem(4 bytes @ 0x400E0A08) - Data: 00 00 00 00  returns 0x00 (0001ms, 0949ms total)
T117C 1036:376 JLINK_ReadMem (0x400E0A08, 0x0004 Bytes, ...) -- CPU_ReadMem(4 bytes @ 0x400E0A08) - Data: 00 00 00 00  returns 0x00 (0001ms, 0950ms total)
T117C 1036:382 JLINK_ReadMem (0x400E0A08, 0x0004 Bytes, ...) -- CPU_ReadMem(4 bytes @ 0x400E0A08) - Data: 00 00 00 00  returns 0x00 (0000ms, 0950ms total)
T117C 1036:389 JLINK_ReadMem (0x400E0A08, 0x0004 Bytes, ...) -- CPU_ReadMem(4 bytes @ 0x400E0A08) - Data: 00 00 00 00  returns 0x00 (0000ms, 0951ms total)
T117C 1036:407 JLINK_ReadMem (0x400E0A08, 0x0004 Bytes, ...) -- CPU_ReadMem(4 bytes @ 0x400E0A08) - Data: 00 00 00 00  returns 0x00 (0001ms, 0952ms total)
T1AD0 1036:451 JLINK_IsHalted()  returns TRUE (0000ms, 0952ms total)
T117C 1036:473 JLINK_ReadMem (0x400E0A08, 0x0004 Bytes, ...) -- CPU_ReadMem(4 bytes @ 0x400E0A08) - Data: 00 00 00 00  returns 0x00 (0001ms, 0953ms total)
T1AD0 1036:657 JLINK_IsHalted()  returns TRUE (0000ms, 0953ms total)
T117C 1036:732 JLINK_ReadMem (0x400E0A08, 0x0004 Bytes, ...) -- CPU_ReadMem(4 bytes @ 0x400E0A08) - Data: 00 00 00 00  returns 0x00 (0001ms, 0954ms total)
T1AD0 1036:865 JLINK_IsHalted()  returns TRUE (0001ms, 0955ms total)
T1AD0 1037:067 JLINK_IsHalted()  returns TRUE (0000ms, 0954ms total)
T1AD0 1037:267 JLINK_IsHalted()  returns TRUE (0000ms, 0954ms total)
T1AD0 1037:470 JLINK_IsHalted()  returns TRUE (0001ms, 0955ms total)
T1AD0 1037:672 JLINK_IsHalted()  returns TRUE (0000ms, 0954ms total)
T117C 1037:734 JLINK_ReadMem (0x400E0A08, 0x0004 Bytes, ...) -- CPU_ReadMem(4 bytes @ 0x400E0A08) - Data: 00 00 00 00  returns 0x00 (0001ms, 0955ms total)
T117C 1037:735 JLINK_ReadMem (0x400E0A08, 0x0004 Bytes, ...) -- CPU_ReadMem(4 bytes @ 0x400E0A08) - Data: 00 00 00 00  returns 0x00 (0001ms, 0956ms total)
T117C 1037:738 JLINK_ReadMem (0x400E0A08, 0x0004 Bytes, ...) -- CPU_ReadMem(4 bytes @ 0x400E0A08) - Data: 00 00 00 00  returns 0x00 (0001ms, 0957ms total)
T117C 1037:744 JLINK_ReadMem (0x400E0A08, 0x0004 Bytes, ...) -- CPU_ReadMem(4 bytes @ 0x400E0A08) - Data: 00 00 00 00  returns 0x00 (0001ms, 0958ms total)
T117C 1037:765 JLINK_ReadMem (0x400E0A08, 0x0004 Bytes, ...) -- CPU_ReadMem(4 bytes @ 0x400E0A08) - Data: 00 00 00 00  returns 0x00 (0001ms, 0959ms total)
T117C 1037:831 JLINK_ReadMem (0x400E0A08, 0x0004 Bytes, ...) -- CPU_ReadMem(4 bytes @ 0x400E0A08) - Data: 00 00 00 00  returns 0x00 (0001ms, 0960ms total)
T1AD0 1037:873 JLINK_IsHalted()  returns TRUE (0000ms, 0960ms total)
T1AD0 1038:077 JLINK_IsHalted()  returns TRUE (0001ms, 0961ms total)
T117C 1038:088 JLINK_ReadMem (0x400E0A08, 0x0004 Bytes, ...) -- CPU_ReadMem(4 bytes @ 0x400E0A08) - Data: 00 00 00 00  returns 0x00 (0001ms, 0961ms total)
T1AD0 1038:281 JLINK_IsHalted()  returns TRUE (0000ms, 0961ms total)
T1AD0 1038:482 JLINK_IsHalted()  returns TRUE (0000ms, 0961ms total)
T1AD0 1038:682 JLINK_IsHalted()  returns TRUE (0000ms, 0961ms total)
T1AD0 1038:884 JLINK_IsHalted()  returns TRUE (0000ms, 0961ms total)
T1AD0 1039:085 JLINK_IsHalted()  returns TRUE (0000ms, 0961ms total)
T117C 1039:089 JLINK_ReadMem (0x400E0A08, 0x0004 Bytes, ...) -- CPU_ReadMem(4 bytes @ 0x400E0A08) - Data: 00 00 00 00  returns 0x00 (0000ms, 0961ms total)
T117C 1039:090 JLINK_ReadMem (0x400E0A08, 0x0004 Bytes, ...) -- CPU_ReadMem(4 bytes @ 0x400E0A08) - Data: 00 00 00 00  returns 0x00 (0001ms, 0962ms total)
T117C 1039:093 JLINK_ReadMem (0x400E0A08, 0x0004 Bytes, ...) -- CPU_ReadMem(4 bytes @ 0x400E0A08) - Data: 00 00 00 00  returns 0x00 (0001ms, 0963ms total)
T117C 1039:100 JLINK_ReadMem (0x400E0A08, 0x0004 Bytes, ...) -- CPU_ReadMem(4 bytes @ 0x400E0A08) - Data: 00 00 00 00  returns 0x00 (0001ms, 0964ms total)
T117C 1039:118 JLINK_ReadMem (0x400E0A08, 0x0004 Bytes, ...) -- CPU_ReadMem(4 bytes @ 0x400E0A08) - Data: 00 00 00 00  returns 0x00 (0001ms, 0965ms total)
T117C 1039:184 JLINK_ReadMem (0x400E0A08, 0x0004 Bytes, ...) -- CPU_ReadMem(4 bytes @ 0x400E0A08) - Data: 00 00 00 00  returns 0x00 (0000ms, 0965ms total)
T1AD0 1039:292 JLINK_IsHalted()  returns TRUE (0001ms, 0966ms total)
T117C 1039:441 JLINK_ReadMem (0x400E0A08, 0x0004 Bytes, ...) -- CPU_ReadMem(4 bytes @ 0x400E0A08) - Data: 01 00 00 00  returns 0x00 (0001ms, 0966ms total)
T1AD0 1039:493 JLINK_IsHalted()  returns TRUE (0000ms, 0966ms total)
T117C 1039:494 JLINK_ResetPullsRESET(ON) (0000ms, 0966ms total)
T117C 1039:494 JLINK_ResetNoHalt() >0x10B TIF>Found SW-DP with ID 0x2BA01477 >0x0D TIF> >0x28 TIF> >0x0D TIF> >0x28 TIF> >0x0D TIF> >0x28 TIF> >0x0D TIF> >0x28 TIF> >0x0D TIF> >0x21 TIF> >0x0D TIF> >0x28 TIF>AP map detection skipped. User manually configured AP map.AP[0]: AHB-AP (IDR: Not set) >0x42 TIF> >0x28 TIF> >0x0D TIF> >0x21 TIF> >0x0D TIF> >0x21 TIF> >0x42 TIF> >0x28 TIF> >0x0D TIF> >0x28 TIF> >0x0D TIF> >0x28 TIF> >0x0D TIF> >0x21 TIF> >0x0D TIF> >0x21 TIF>AP[0]: Core found
AP[0]: AHB-AP ROM base: 0xE00FF000 >0x0D TIF> >0x28 TIF> >0x0D TIF> >0x28 TIF> >0x0D TIF> >0x28 TIF> >0x0D TIF> >0x21 TIF> >0x0D TIF> >0x21 TIF>CPUID register: 0x410FC241. Implementer code: 0x41 (ARM)Found Cortex-M4 r0p1, Little endian. -- CPU_ReadMem(4 bytes @ 0xE000EDF0) -- CPU_ReadMem(4 bytes @ 0xE0002000) -- CPU_ReadMem(4 bytes @ 0xE000EDFC) -- CPU_ReadMem(4 bytes @ 0xE0001000) -- CPU_ReadMem(4 bytes @ 0xE000ED88) -- CPU_WriteMem(4 bytes @ 0xE000ED88) -- CPU_ReadMem(4 bytes @ 0xE000ED88)
 -- CPU_WriteMem(4 bytes @ 0xE000ED88)CoreSight components:ROMTbl[0] @ E00FF000 -- CPU_ReadMem(16 bytes @ 0xE00FF000) -- CPU_ReadMem(16 bytes @ 0xE000EFF0) -- CPU_ReadMem(16 bytes @ 0xE000EFE0)ROMTbl[0][0]: E000E000, CID: B105E00D, PID: 000BB000 SCS -- CPU_WriteMem(4 bytes @ 0xE0001000) -- CPU_ReadMem(16 bytes @ 0xE0001FF0) -- CPU_ReadMem(16 bytes @ 0xE0001FE0)ROMTbl[0][1]: E0001000, CID: B105E00D, PID: 003BB002 DWT -- CPU_ReadMem(16 bytes @ 0xE0002FF0) -- CPU_ReadMem(16 bytes @ 0xE0002FE0)
ROMTbl[0][2]: E0002000, CID: B105E00D, PID: 002BB003 FPB -- CPU_ReadMem(16 bytes @ 0xE0000FF0) -- CPU_ReadMem(16 bytes @ 0xE0000FE0)ROMTbl[0][3]: E0000000, CID: B105E00D, PID: 003BB001 ITM -- CPU_ReadMem(16 bytes @ 0xE00FF010) -- CPU_ReadMem(16 bytes @ 0xE0040FF0) -- CPU_ReadMem(16 bytes @ 0xE0040FE0)ROMTbl[0][4]: E0040000, CID: B105900D, PID: 000BB9A1 TPIU
                JLINK_Reset() -- CPU_ReadMem(16 bytes @ 0x20000000) -- CPU_WriteMem(16 bytes @ 0x20000000) -- CPU_ReadMem(4 bytes @ 0xE000EDFC) -- CPU_WriteMem(4 bytes @ 0xE000EDFC) -- CPU_ReadMem(4 bytes @ 0xE0001000) -- CPU_WriteMem(4 bytes @ 0xE0001004) -- CPU_WriteMem(4 bytes @ 0xE000EDFC) -- CPU_WriteMem(16 bytes @ 0x20000000) -- CPU_WriteMem(4 bytes @ 0xE0002000) -- CPU_ReadMem(4 bytes @ 0xE000EDFC) -- CPU_ReadMem(4 bytes @ 0xE0001000) (0030ms, 0030ms total)
                JLINK_Go() -- CPU_ReadMem(4 bytes @ 0xE0001000) -- CPU_WriteMem(4 bytes @ 0xE0001004) (0002ms, 0032ms total)
               (0173ms, 1139ms total)
T117C 1039:668 JLINK_ExecCommand("ProjectFile = D:\Git\ESD2_NetworkedProgrammer\Swissler_Task3\Swissler_Task3\jlink.config", ...).   returns 0x00 (0012ms, 1151ms total)
T117C 1039:695 JLINK_ExecCommand("Device = AT91SAM4S8B", ...).   returns 0x00 (0003ms, 1154ms total)
T117C 1039:698 JLINK_TIF_Select(JLINKARM_TIF_SWD)  returns 0x00 (0000ms, 1154ms total)
T117C 1039:698 JLINK_SetSpeed(4000) (0000ms, 1154ms total)
T117C 1039:699 JLINK_ResetPullsRESET(OFF) (0000ms, 1155ms total)
T117C 1039:699 JLINK_Connect() >0x10B TIF>Found SW-DP with ID 0x2BA01477 >0x0D TIF> >0x28 TIF> >0x0D TIF> >0x28 TIF> >0x0D TIF> >0x28 TIF> >0x0D TIF> >0x28 TIF> >0x0D TIF> >0x21 TIF> >0x0D TIF> >0x28 TIF>AP map detection skipped. User manually configured AP map.AP[0]: AHB-AP (IDR: Not set) >0x42 TIF> >0x28 TIF> >0x0D TIF> >0x21 TIF> >0x0D TIF> >0x21 TIF> >0x42 TIF> >0x28 TIF> >0x0D TIF> >0x28 TIF> >0x0D TIF> >0x28 TIF> >0x0D TIF> >0x21 TIF> >0x0D TIF> >0x21 TIF>AP[0]: Core found
AP[0]: AHB-AP ROM base: 0xE00FF000 >0x0D TIF> >0x28 TIF> >0x0D TIF> >0x28 TIF> >0x0D TIF> >0x28 TIF> >0x0D TIF> >0x21 TIF> >0x0D TIF> >0x21 TIF>CPUID register: 0x410FC241. Implementer code: 0x41 (ARM)Found Cortex-M4 r0p1, Little endian. -- CPU_ReadMem(4 bytes @ 0xE000EDF0) -- CPU_ReadMem(4 bytes @ 0xE0002000) -- CPU_ReadMem(4 bytes @ 0xE000EDFC) -- CPU_ReadMem(4 bytes @ 0xE0001000) -- CPU_WriteMem(4 bytes @ 0xE0001000) -- CPU_ReadMem(4 bytes @ 0xE000ED88) -- CPU_WriteMem(4 bytes @ 0xE000ED88)
 -- CPU_ReadMem(4 bytes @ 0xE000ED88) -- CPU_WriteMem(4 bytes @ 0xE000ED88)CoreSight components:ROMTbl[0] @ E00FF000 -- CPU_ReadMem(16 bytes @ 0xE00FF000) -- CPU_ReadMem(16 bytes @ 0xE000EFF0) -- CPU_ReadMem(16 bytes @ 0xE000EFE0)ROMTbl[0][0]: E000E000, CID: B105E00D, PID: 000BB000 SCS -- CPU_ReadMem(16 bytes @ 0xE0001FF0) -- CPU_ReadMem(16 bytes @ 0xE0001FE0)ROMTbl[0][1]: E0001000, CID: B105E00D, PID: 003BB002 DWT -- CPU_ReadMem(16 bytes @ 0xE0002FF0) -- CPU_ReadMem(16 bytes @ 0xE0002FE0)
ROMTbl[0][2]: E0002000, CID: B105E00D, PID: 002BB003 FPB -- CPU_ReadMem(16 bytes @ 0xE0000FF0) -- CPU_ReadMem(16 bytes @ 0xE0000FE0)ROMTbl[0][3]: E0000000, CID: B105E00D, PID: 003BB001 ITM -- CPU_ReadMem(16 bytes @ 0xE00FF010) -- CPU_ReadMem(16 bytes @ 0xE0040FF0) -- CPU_ReadMem(16 bytes @ 0xE0040FE0)ROMTbl[0][4]: E0040000, CID: B105900D, PID: 000BB9A1 TPIU  returns 0x00 (0138ms, 1293ms total)
T117C 1039:837 JLINK_Halt()  returns 0x00 (0005ms, 1298ms total)
T117C 1039:842 JLINK_WriteMem(0x400E0A04, 0x0004 Bytes, ...) - Data: 0B 01 00 5A -- CPU_WriteMem(4 bytes @ 0x400E0A04)  returns 0x04 (0001ms, 1299ms total)
T117C 1039:843 JLINK_ReadMem (0x400E0A08, 0x0004 Bytes, ...) -- CPU_ReadMem(4 bytes @ 0x400E0A08) - Data: 01 00 00 00  returns 0x00 (0001ms, 1300ms total)
T117C 1039:844 JLINK_SetResetType(JLINKARM_CM3_RESET_TYPE_NORMAL)  returns JLINKARM_CM3_RESET_TYPE_NORMAL (0000ms, 1300ms total)
T117C 1039:844 JLINK_Reset() -- CPU_ReadMem(16 bytes @ 0x20000000) -- CPU_WriteMem(16 bytes @ 0x20000000) -- CPU_ReadMem(4 bytes @ 0xE000EDFC) -- CPU_WriteMem(4 bytes @ 0xE000EDFC) -- CPU_ReadMem(4 bytes @ 0xE0001000) -- CPU_WriteMem(4 bytes @ 0xE000EDFC) -- CPU_WriteMem(16 bytes @ 0x20000000) -- CPU_WriteMem(4 bytes @ 0xE0002000) -- CPU_ReadMem(4 bytes @ 0xE000EDFC)                 JLINK_RTTERMINAL_Control(Cmd = JLINKARM_RTTERMINAL_CMD_STOP)  returns 0x01 (0000ms, 0000ms total)
                JLINK_RTTERMINAL_Control(Cmd = JLINKARM_RTTERMINAL_CMD_STOP)  returns 0x01 (0000ms, 0000ms total)

                  JLINK_RTTERMINAL_Control(Cmd = JLINKARM_RTTERMINAL_CMD_STOP)  returns 0x01 (0000ms, 0000ms total)
E0744, 0x0001 Items, ...) -- CPU_ReadMem(4 bytes @ 0x400E0744) - Data: 00 00 00 00  returns 0x01 (0001ms, 1330ms total)
T117C 1039:914 JLINK_BeginDownload(Flags = 0x00) (0000ms, 1330ms total)
T117C 1039:914 JLINK_WriteMem(0x00400000, 0x17A4 Bytes, ...) - Data: 00 35 00 20 81 0C 40 00 49 0D 40 00 49 0D 40 00 ...  returns 0x17A4 (0001ms, 1331ms total)
T117C 1039:916 JLINK_WriteMem(0x004017A4, 0x0008 Bytes, ...) - Data: 88 FB FF 7F 01 00 00 00  returns 0x08 (0000ms, 1331ms total)
T117C 1039:917 JLINK_WriteMem(0x004017AC, 0x043C Bytes, ...) - Data: BF F3 5F 8F 01 38 FB D1 70 47 00 00 00 09 3D 00 ...  returns 0x43C (0000ms, 1332ms total)
T26A4 1039:925 JLINK_IsHalted()  returns TRUE (0000ms, 1332ms total)
T26A4 1039:925 JLINK_GetMOEs(...) -- CPU_ReadMem(4 bytes @ 0xE000ED30)  returns 0x01 (0001ms, 1333ms total)
T26A4 1039:926 JLINK_ReadReg(R15 (PC)) -- CPU_ReadMem(4 bytes @ 0xE000ED90) -- CPU_ReadMem(4 bytes @ 0xE000ED94) -- -------------------------------------- -- Start of determining dirty areas in flash cache -- End of determining dirty areas -- Start of preparing flash programming -- Calculating RAM usage -- RAM usage = 2900 Bytes -- Preserving CPU registers -- Preparing memory -- Preparing target -- Downloading RAMCode -- Checking target RAM -- Preparing RAMCode -- End of preparing flash programming
 -- CPU is running at 90000 kHz. -- Start of comparing flash -- CRC check was estimated as fastest method -- Comparing range 0x400000 - 0x401BFF (14 Sectors, 7 KB), using multi-block CRC calculation -- CRC does not match for sectors 0-13 -- End of comparing flash -- Start of erasing sectors -- End of erasing sectors -- Start of flash programming -- Programming range 0x00400000 - 0x00401BFF (014 Sectors, 7 KB) -- End of flash programming -- 0x400000 - 0x401BFF (014 Sectors, 7 KB)
 -- Start of verifying flash -- Checksum calculation was estimated as fastest method -- Checksum is not supported by this flash bank. Switched to CRC method. -- End of verifying flash -- Start of restoring -- Restoring RAMCode -- Restore target -- Restore memory -- Restoring CPU registers -- End of restoring -- Bank 0 @ 0x00400000: 1 range affected (7168 bytes) -- Total time needed: 0.329s (Prepare: 0.197s, Compare: 0.008s, Erase: 0.000s, Program: 0.064s, Verify: 0.000s, Restore: 0.057s)
  returns 0xFFFFFFFE (0338ms, 1671ms total)
T117C 1040:265 JLINK_EndDownload()  returns 0x00 (0000ms, 1671ms total)
T3224 1040:450 JLINK_Halt()  returns 0x00 (0001ms, 1672ms total)
T3224 1040:451 JLINK_ReadReg(R15 (PC))  returns 0xFFFFFFFE (0000ms, 1672ms total)
T3224 1040:451 JLINK_ReadReg(R13 (SP))  returns 0xFFFFFFFC (0000ms, 1672ms total)
T26A4 1040:465 JLINK_IsHalted()  returns TRUE (0000ms, 1672ms total)
T3224 1040:550 JLINK_ReadReg(R0)  returns 0x400E1400 (0000ms, 1672ms total)
T3224 1040:550 JLINK_ReadReg(R1)  returns 0x40C00000 (0000ms, 1672ms total)
T3224 1040:550 JLINK_ReadReg(R2)  returns 0xA5000005 (0000ms, 1672ms total)
T3224 1040:550 JLINK_ReadReg(R3)  returns 0x400E0000 (0000ms, 1672ms total)
T3224 1040:550 JLINK_ReadReg(R4)  returns 0x20000034 (0000ms, 1672ms total)
T3224 1040:551 JLINK_ReadReg(R5)  returns 0x00800415 (0000ms, 1673ms total)
T3224 1040:551 JLINK_ReadReg(R6)  returns 0x00800407 (0000ms, 1673ms total)
T3224 1040:551 JLINK_ReadReg(R7)  returns 0x20000000 (0000ms, 1673ms total)
T3224 1040:551 JLINK_ReadReg(R8)  returns 0x20000034 (0000ms, 1673ms total)
T3224 1040:552 JLINK_ReadReg(R9)  returns 0x06647898 (0000ms, 1674ms total)
T3224 1040:552 JLINK_ReadReg(R10)  returns 0x20000004 (0000ms, 1674ms total)
T3224 1040:552 JLINK_ReadReg(R11)  returns 0x00000001 (0000ms, 1674ms total)
T3224 1040:552 JLINK_ReadReg(R12)  returns 0x0000018B (0000ms, 1674ms total)
T3224 1040:552 JLINK_ReadReg(R13 (SP))  returns 0xFFFFFFFC (0000ms, 1674ms total)
T3224 1040:552 JLINK_ReadReg(R14)  returns 0xFFFFFFFF (0000ms, 1674ms total)
T3224 1040:552 JLINK_ReadReg(R15 (PC))  returns 0xFFFFFFFE (0000ms, 1674ms total)
T3224 1040:552 JLINK_ReadReg(XPSR)  returns 0x01000000 (0000ms, 1674ms total)
T3224 1040:552 JLINK_ReadReg(MSP)  returns 0xFFFFFFFC (0000ms, 1674ms total)
T3224 1040:552 JLINK_ReadReg(PSP)  returns 0x070DF020 (0000ms, 1674ms total)
T3224 1040:552 JLINK_ReadReg(PRIMASK)  returns 0x00000000 (0000ms, 1674ms total)
T3224 1040:552 JLINK_ReadReg(BASEPRI)  returns 0x00000000 (0000ms, 1674ms total)
T3224 1040:552 JLINK_ReadReg(FAULTMASK)  returns 0x00000000 (0000ms, 1674ms total)
T3224 1040:552 JLINK_ReadReg(CONTROL)  returns 0x00000000 (0000ms, 1674ms total)
T3224 1040:608 JLINK_SetResetType(JLINKARM_CM3_RESET_TYPE_NORMAL)  returns JLINKARM_CM3_RESET_TYPE_NORMAL (0000ms, 1674ms total)
T3224 1040:608 JLINK_Reset() -- CPU_ReadMem(16 bytes @ 0x20000000) -- CPU_WriteMem(16 bytes @ 0x20000000) -- CPU_ReadMem(4 bytes @ 0xE000EDFC) -- CPU_WriteMem(4 bytes @ 0xE000EDFC) -- CPU_ReadMem(4 bytes @ 0xE0001000) -- CPU_WriteMem(4 bytes @ 0xE000EDFC) -- CPU_WriteMem(16 bytes @ 0x20000000) -- CPU_WriteMem(4 bytes @ 0xE0002000) -- CPU_ReadMem(4 bytes @ 0xE000EDFC) -- CPU_ReadMem(4 bytes @ 0xE0001000) (0028ms, 1702ms total)
T26A4 1040:636 JLINK_IsHalted()  returns TRUE (0000ms, 1702ms total)
T26A4 1040:636 JLINK_GetMOEs(...) -- CPU_ReadMem(4 bytes @ 0xE000ED30)  returns 0x01 (0001ms, 1703ms total)
T26A4 1040:637 JLINK_ReadReg(R15 (PC))  returns 0x00400C80 (0000ms, 1703ms total)
T3224 1040:647 JLINK_ReadReg(R15 (PC))  returns 0x00400C80 (0000ms, 1703ms total)
T3224 1040:647 JLINK_ReadReg(R13 (SP))  returns 0x20003500 (0000ms, 1703ms total)
T3224 1040:660 JLINK_ReadMemHW(0x00400C80, 0x0004 Bytes, ...) -- CPU_ReadMem(4 bytes @ 0x00400C80) - Data: 80 B5 84 B0  returns 0x00 (0001ms, 1704ms total)
T26A4 1040:839 JLINK_IsHalted()  returns TRUE (0000ms, 1704ms total)
T3224 1040:864 JLINK_ReadMemHW(0x004011EC, 0x0001 Bytes, ...) -- CPU_ReadMem(1 bytes @ 0x004011EC) - Data: 2D  returns 0x00 (0001ms, 1705ms total)
T3224 1040:925 JLINK_ReadReg(R15 (PC))  returns 0x00400C80 (0000ms, 1705ms total)
T3224 1040:926 JLINK_GetNumBPUnits(Type = 0xFFFFFF02)  returns 0x06 (0000ms, 1706ms total)
T3224 1040:926 JLINK_SetBPEx(Addr = 0x004011EC, Type = 0xFFFFFFF2)  returns 0x00000001 (0000ms, 1706ms total)
T3224 1040:926 JLINK_GetBPInfo(BPHandle = 1)  returns 0x00 (0001ms, 1707ms total)
T3224 1040:927 JLINK_Go() -- CPU_WriteMem(4 bytes @ 0xE0002000) -- CPU_ReadMem(4 bytes @ 0xE0001000) -- CPU_WriteMem(4 bytes @ 0xE000ED30) -- CPU_WriteMem(4 bytes @ 0xE0002008) -- CPU_WriteMem(4 bytes @ 0xE000200C) -- CPU_WriteMem(4 bytes @ 0xE0002010) -- CPU_WriteMem(4 bytes @ 0xE0002014) -- CPU_WriteMem(4 bytes @ 0xE0002018) -- CPU_WriteMem(4 bytes @ 0xE000201C) -- CPU_WriteMem(4 bytes @ 0xE0001004) (0008ms, 1715ms total)
T26A4 1040:935 JLINK_IsHalted()  returns FALSE (0001ms, 1716ms total)
T26A4 1040:957 JLINK_IsHalted()  returns TRUE (0004ms, 1719ms total)
T26A4 1040:961 JLINK_GetMOEs(...) -- CPU_ReadMem(4 bytes @ 0xE000ED30)  returns 0x01 (0001ms, 1716ms total)
T26A4 1040:962 JLINK_ReadReg(R15 (PC))  returns 0x004011EC (0000ms, 1716ms total)
T3224 1040:970 JLINK_ReadReg(R15 (PC))  returns 0x004011EC (0000ms, 1716ms total)
T3224 1040:970 JLINK_ReadReg(R13 (SP))  returns 0x200034E8 (0000ms, 1716ms total)
T3224 1040:971 JLINK_ReadMemHW(0x004011EC, 0x0004 Bytes, ...) -- CPU_ReadMem(4 bytes @ 0x004011EC) - Data: 2D E9 F0 4F  returns 0x00 (0001ms, 1717ms total)
T26A4 1041:164 JLINK_IsHalted()  returns TRUE (0000ms, 1717ms total)
T3224 1041:314 JLINK_WriteU32(0xE000EDFC, 0x01000000) -- CPU_WriteMem(4 bytes @ 0xE000EDFC)  returns 0x00 (0001ms, 1718ms total)
T3224 1041:315 JLINK_ReadMem (0xE0001000, 0x0004 Bytes, ...) -- CPU_ReadMem(4 bytes @ 0xE0001000) - Data: 01 00 00 40  returns 0x00 (0002ms, 1720ms total)
T3224 1041:317 JLINK_WriteU32(0xE0001000, 0x40000001)  returns 0x00 (0000ms, 1720ms total)
T3224 1041:317 JLINK_WriteU32(0xE0001028, 0x00000100)  returns 0x00 (0000ms, 1720ms total)
T3224 1041:317 JLINK_ReadMem (0xE0001028, 0x0004 Bytes, ...) -- CPU_WriteMem(4 bytes @ 0xE0001028) -- CPU_ReadMem(4 bytes @ 0xE0001028) - Data: 00 00 00 00  returns 0x00 (0001ms, 1721ms total)
T3224 1041:318 JLINK_WriteU32(0xE0001024, 0x0000001F)  returns 0x00 (0000ms, 1721ms total)
T3224 1041:318 JLINK_ReadMem (0xE0001024, 0x0004 Bytes, ...) -- CPU_WriteMem(4 bytes @ 0xE0001024) -- CPU_ReadMem(4 bytes @ 0xE0001024) - Data: 0F 00 00 00  returns 0x00 (0002ms, 1723ms total)
T3224 1041:320 JLINK_WriteU32(0xE0001038, 0x00000100)  returns 0x00 (0000ms, 1723ms total)
T3224 1041:320 JLINK_ReadMem (0xE0001038, 0x0004 Bytes, ...) -- CPU_WriteMem(4 bytes @ 0xE0001038) -- CPU_ReadMem(4 bytes @ 0xE0001038) - Data: 00 03 00 00  returns 0x00 (0002ms, 1725ms total)
T3224 1041:322 JLINK_WriteU32(0xE0001034, 0x0000001F)  returns 0x00 (0000ms, 1725ms total)
T3224 1041:322 JLINK_ReadMem (0xE0001034, 0x0004 Bytes, ...) -- CPU_WriteMem(4 bytes @ 0xE0001034) -- CPU_ReadMem(4 bytes @ 0xE0001034) - Data: 0F 00 00 00  returns 0x00 (0001ms, 1726ms total)
T3224 1041:325 JLINK_WriteU32(0xE0001048, 0x00000100)  returns 0x00 (0000ms, 1726ms total)
T3224 1041:325 JLINK_ReadMem (0xE0001048, 0x0004 Bytes, ...) -- CPU_WriteMem(4 bytes @ 0xE0001048) -- CPU_ReadMem(4 bytes @ 0xE0001048) - Data: 00 00 00 00  returns 0x00 (0002ms, 1728ms total)
T3224 1041:327 JLINK_WriteU32(0xE0001044, 0x0000001F)  returns 0x00 (0000ms, 1728ms total)
T3224 1041:327 JLINK_ReadMem (0xE0001044, 0x0004 Bytes, ...) -- CPU_WriteMem(4 bytes @ 0xE0001044) -- CPU_ReadMem(4 bytes @ 0xE0001044) - Data: 0F 00 00 00  returns 0x00 (0001ms, 1729ms total)
T3224 1041:328 JLINK_WriteU32(0xE0001058, 0x00000100)  returns 0x00 (0000ms, 1729ms total)
T3224 1041:328 JLINK_ReadMem (0xE0001058, 0x0004 Bytes, ...) -- CPU_WriteMem(4 bytes @ 0xE0001058) -- CPU_ReadMem(4 bytes @ 0xE0001058) - Data: 00 00 00 00  returns 0x00 (0002ms, 1731ms total)
T3224 1041:330 JLINK_WriteU32(0xE0001054, 0x0000001F)  returns 0x00 (0000ms, 1731ms total)
T3224 1041:330 JLINK_ReadMem (0xE0001054, 0x0004 Bytes, ...) -- CPU_WriteMem(4 bytes @ 0xE0001054) -- CPU_ReadMem(4 bytes @ 0xE0001054) - Data: 0F 00 00 00  returns 0x00 (0001ms, 1732ms total)
T3224 1041:331 JLINK_WriteU32(0xE0001020, 0x00000000)  returns 0x00 (0000ms, 1732ms total)
T3224 1041:331 JLINK_WriteU32(0xE0001024, 0x00000000)  returns 0x00 (0000ms, 1732ms total)
T3224 1041:331 JLINK_WriteU32(0xE0001028, 0x00000000)  returns 0x00 (0000ms, 1732ms total)
T3224 1041:331 JLINK_WriteU32(0xE0001030, 0x00000000)  returns 0x00 (0000ms, 1732ms total)
T3224 1041:331 JLINK_WriteU32(0xE0001034, 0x00000000)  returns 0x00 (0000ms, 1732ms total)
T3224 1041:331 JLINK_WriteU32(0xE0001038, 0x00000000)  returns 0x00 (0000ms, 1732ms total)
T3224 1041:331 JLINK_WriteU32(0xE0001040, 0x00000000)  returns 0x00 (0000ms, 1732ms total)
T3224 1041:331 JLINK_WriteU32(0xE0001044, 0x00000000)  returns 0x00 (0000ms, 1732ms total)
T3224 1041:331 JLINK_WriteU32(0xE0001048, 0x00000000)  returns 0x00 (0000ms, 1732ms total)
T3224 1041:331 JLINK_WriteU32(0xE0001050, 0x00000000)  returns 0x00 (0000ms, 1732ms total)
T3224 1041:331 JLINK_WriteU32(0xE0001054, 0x00000000)  returns 0x00 (0000ms, 1732ms total)
T3224 1041:331 JLINK_WriteU32(0xE0001058, 0x00000000)  returns 0x00 (0001ms, 1733ms total)
T3224 1041:332 JLINK_GetBPInfo(BPHandle = 1)  returns 0x00 (0000ms, 1733ms total)
T3224 1041:332 JLINK_ClrBPEx(BPHandle = 0x00000001)  returns 0x00 (0000ms, 1733ms total)
T3224 1041:332 JLINK_ReadReg(R15 (PC))  returns 0x004011EC (0000ms, 1733ms total)
T3224 1041:337 JLINK_Go() -- CPU_WriteMem(4 bytes @ 0xE0001000) -- CPU_ReadMem(4 bytes @ 0xE0001000) -- CPU_WriteMem(4 bytes @ 0xE000ED30) -- CPU_WriteMem(4 bytes @ 0xE0001020) -- CPU_WriteMem(4 bytes @ 0xE0001030) -- CPU_WriteMem(4 bytes @ 0xE0001040) -- CPU_WriteMem(4 bytes @ 0xE0001050) -- CPU_WriteMem(4 bytes @ 0xE0001024) -- CPU_WriteMem(4 bytes @ 0xE0001034) -- CPU_WriteMem(4 bytes @ 0xE0001044) -- CPU_WriteMem(4 bytes @ 0xE0001054) -- CPU_WriteMem(4 bytes @ 0xE0001028)
 -- CPU_WriteMem(4 bytes @ 0xE0001038) -- CPU_WriteMem(4 bytes @ 0xE0001048) -- CPU_WriteMem(4 bytes @ 0xE0001058) -- CPU_WriteMem(4 bytes @ 0xE0002008) (0007ms, 1740ms total)
T26A4 1041:345 JLINK_IsHalted()  returns FALSE (0001ms, 1741ms total)
T26A4 1041:386 JLINK_IsHalted()  returns FALSE (0000ms, 1740ms total)
T26A4 1041:550 JLINK_IsHalted()  returns FALSE (0001ms, 1741ms total)
T26A4 1041:751 JLINK_IsHalted()  returns FALSE (0000ms, 1740ms total)
T26A4 1041:954 JLINK_IsHalted()  returns FALSE (0001ms, 1741ms total)
T26A4 1042:155 JLINK_IsHalted()  returns FALSE (0000ms, 1740ms total)
T26A4 1042:357 JLINK_IsHalted()  returns FALSE (0001ms, 1741ms total)
T26A4 1042:559 JLINK_IsHalted()  returns FALSE (0000ms, 1740ms total)
T26A4 1042:760 JLINK_IsHalted()  returns FALSE (0001ms, 1741ms total)
T26A4 1042:963 JLINK_IsHalted()  returns FALSE (0000ms, 1740ms total)
T26A4 1043:164 JLINK_IsHalted()  returns FALSE (0001ms, 1741ms total)
T26A4 1043:367 JLINK_IsHalted()  returns FALSE (0001ms, 1741ms total)
T26A4 1043:572 JLINK_IsHalted()  returns FALSE (0001ms, 1741ms total)
T26A4 1043:774 JLINK_IsHalted()  returns FALSE (0001ms, 1741ms total)
T26A4 1043:977 JLINK_IsHalted()  returns FALSE (0001ms, 1741ms total)
T26A4 1044:179 JLINK_IsHalted()  returns FALSE (0001ms, 1741ms total)
T26A4 1044:383 JLINK_IsHalted()  returns FALSE (0001ms, 1741ms total)
T26A4 1044:586 JLINK_IsHalted()  returns FALSE (0000ms, 1740ms total)
T26A4 1044:787 JLINK_IsHalted()  returns FALSE (0001ms, 1741ms total)
T26A4 1044:990 JLINK_IsHalted()  returns FALSE (0001ms, 1741ms total)
T26A4 1045:191 JLINK_IsHalted()  returns FALSE (0000ms, 1740ms total)
T26A4 1045:393 JLINK_IsHalted()  returns FALSE (0001ms, 1741ms total)
T26A4 1045:595 JLINK_IsHalted()  returns FALSE (0004ms, 1744ms total)
T26A4 1045:800 JLINK_IsHalted()  returns FALSE (0001ms, 1741ms total)
T26A4 1046:002 JLINK_IsHalted()  returns FALSE (0001ms, 1741ms total)
T26A4 1046:204 JLINK_IsHalted()  returns FALSE (0002ms, 1742ms total)
T26A4 1046:407 JLINK_IsHalted()  returns FALSE (0001ms, 1741ms total)
T26A4 1046:609 JLINK_IsHalted()  returns FALSE (0001ms, 1741ms total)
T26A4 1046:811 JLINK_IsHalted()  returns FALSE (0000ms, 1740ms total)
T26A4 1047:018 JLINK_IsHalted()  returns FALSE (0014ms, 1754ms total)
T26A4 1047:235 JLINK_IsHalted()  returns FALSE (0001ms, 1741ms total)
T26A4 1047:439 JLINK_IsHalted()  returns FALSE (0001ms, 1741ms total)
T26A4 1047:642 JLINK_IsHalted()  returns FALSE (0001ms, 1741ms total)
T26A4 1047:847 JLINK_IsHalted()  returns FALSE (0001ms, 1741ms total)
T26A4 1048:049 JLINK_IsHalted()  returns FALSE (0001ms, 1741ms total)
T26A4 1048:252 JLINK_IsHalted()  returns FALSE (0001ms, 1741ms total)
T26A4 1048:453 JLINK_IsHalted()  returns FALSE (0000ms, 1740ms total)
T26A4 1048:655 JLINK_IsHalted()  returns FALSE (0002ms, 1742ms total)
T26A4 1048:857 JLINK_IsHalted()  returns FALSE (0001ms, 1741ms total)
T26A4 1049:059 JLINK_IsHalted()  returns FALSE (0001ms, 1741ms total)
T26A4 1049:260 JLINK_IsHalted()  returns FALSE (0001ms, 1741ms total)
T26A4 1049:463 JLINK_IsHalted()  returns FALSE (0001ms, 1741ms total)
T26A4 1049:665 JLINK_IsHalted()  returns FALSE (0000ms, 1740ms total)
T26A4 1049:866 JLINK_IsHalted()  returns FALSE (0001ms, 1741ms total)
T26A4 1050:067 JLINK_IsHalted()  returns FALSE (0000ms, 1740ms total)
T26A4 1050:271 JLINK_IsHalted()  returns FALSE (0000ms, 1740ms total)
T26A4 1050:472 JLINK_IsHalted()  returns FALSE (0000ms, 1740ms total)
T26A4 1050:673 JLINK_IsHalted()  returns FALSE (0000ms, 1740ms total)
T26A4 1050:875 JLINK_IsHalted()  returns FALSE (0000ms, 1740ms total)
T26A4 1051:084 JLINK_IsHalted()  returns FALSE (0001ms, 1741ms total)
T26A4 1051:286 JLINK_IsHalted()  returns FALSE (0001ms, 1741ms total)
T26A4 1051:487 JLINK_IsHalted()  returns FALSE (0000ms, 1740ms total)
T26A4 1051:691 JLINK_IsHalted()  returns FALSE (0001ms, 1741ms total)
T26A4 1051:892 JLINK_IsHalted()  returns FALSE (0001ms, 1741ms total)
T26A4 1052:094 JLINK_IsHalted()  returns FALSE (0001ms, 1741ms total)
T26A4 1052:295 JLINK_IsHalted()  returns FALSE (0001ms, 1741ms total)
T26A4 1052:497 JLINK_IsHalted()  returns FALSE (0001ms, 1741ms total)
T26A4 1052:700 JLINK_IsHalted()  returns FALSE (0000ms, 1740ms total)
T26A4 1052:901 JLINK_IsHalted()  returns FALSE (0000ms, 1740ms total)
T26A4 1053:103 JLINK_IsHalted()  returns FALSE (0001ms, 1741ms total)
T26A4 1053:306 JLINK_IsHalted()  returns FALSE (0001ms, 1741ms total)
T26A4 1053:508 JLINK_IsHalted()  returns FALSE (0001ms, 1741ms total)
T26A4 1053:712 JLINK_IsHalted()  returns FALSE (0001ms, 1741ms total)
T26A4 1053:915 JLINK_IsHalted()  returns FALSE (0001ms, 1741ms total)
T26A4 1054:118 JLINK_IsHalted()  returns FALSE (0002ms, 1742ms total)
T26A4 1054:320 JLINK_IsHalted()  returns FALSE (0001ms, 1741ms total)
T26A4 1054:522 JLINK_IsHalted()  returns FALSE (0002ms, 1742ms total)
T26A4 1054:724 JLINK_IsHalted()  returns FALSE (0001ms, 1741ms total)
T26A4 1054:926 JLINK_IsHalted()  returns FALSE (0000ms, 1740ms total)
T26A4 1055:126 JLINK_IsHalted()  returns FALSE (0002ms, 1742ms total)
T26A4 1055:329 JLINK_IsHalted()  returns FALSE (0001ms, 1741ms total)
T26A4 1055:534 JLINK_IsHalted()  returns FALSE (0001ms, 1741ms total)
T26A4 1055:735 JLINK_IsHalted()  returns FALSE (0001ms, 1741ms total)
T26A4 1055:937 JLINK_IsHalted()  returns FALSE (0003ms, 1743ms total)
T26A4 1056:140 JLINK_IsHalted()  returns FALSE (0001ms, 1741ms total)
T26A4 1056:342 JLINK_IsHalted()  returns FALSE (0001ms, 1741ms total)
T26A4 1056:543 JLINK_IsHalted()  returns FALSE (0001ms, 1741ms total)
T26A4 1056:745 JLINK_IsHalted()  returns FALSE (0001ms, 1741ms total)
T26A4 1056:946 JLINK_IsHalted()  returns FALSE (0000ms, 1740ms total)
T26A4 1057:148 JLINK_IsHalted()  returns FALSE (0001ms, 1741ms total)
T26A4 1057:349 JLINK_IsHalted()  returns FALSE (0001ms, 1741ms total)
T26A4 1057:551 JLINK_IsHalted()  returns FALSE (0000ms, 1740ms total)
T26A4 1057:752 JLINK_IsHalted()  returns FALSE (0000ms, 1740ms total)
T26A4 1057:953 JLINK_IsHalted()  returns FALSE (0001ms, 1741ms total)
T26A4 1058:155 JLINK_IsHalted()  returns FALSE (0001ms, 1741ms total)
T26A4 1058:356 JLINK_IsHalted()  returns FALSE (0001ms, 1741ms total)
T26A4 1058:558 JLINK_IsHalted()  returns FALSE (0001ms, 1741ms total)
T26A4 1058:759 JLINK_IsHalted()  returns FALSE (0001ms, 1741ms total)
T26A4 1058:961 JLINK_IsHalted()  returns FALSE (0000ms, 1740ms total)
T26A4 1059:162 JLINK_IsHalted()  returns FALSE (0001ms, 1741ms total)
T26A4 1059:364 JLINK_IsHalted()  returns FALSE (0001ms, 1741ms total)
T26A4 1059:565 JLINK_IsHalted()  returns FALSE (0001ms, 1741ms total)
T26A4 1059:767 JLINK_IsHalted()  returns FALSE (0001ms, 1741ms total)
T26A4 1059:971 JLINK_IsHalted()  returns FALSE (0002ms, 1742ms total)
T26A4 1060:174 JLINK_IsHalted()  returns FALSE (0000ms, 1740ms total)
T26A4 1060:375 JLINK_IsHalted()  returns FALSE (0001ms, 1741ms total)
T26A4 1060:576 JLINK_IsHalted()  returns FALSE (0001ms, 1741ms total)
T26A4 1060:778 JLINK_IsHalted()  returns FALSE (0001ms, 1741ms total)
T26A4 1060:979 JLINK_IsHalted()  returns FALSE (0001ms, 1741ms total)
T26A4 1061:184 JLINK_IsHalted()  returns FALSE (0001ms, 1741ms total)
T26A4 1061:387 JLINK_IsHalted()  returns FALSE (0001ms, 1741ms total)
T26A4 1061:590 JLINK_IsHalted()  returns FALSE (0000ms, 1740ms total)
T26A4 1061:791 JLINK_IsHalted()  returns FALSE (0001ms, 1741ms total)
T26A4 1061:993 JLINK_IsHalted()  returns FALSE (0001ms, 1741ms total)
T26A4 1062:194 JLINK_IsHalted()  returns FALSE (0001ms, 1741ms total)
T26A4 1062:396 JLINK_IsHalted()  returns FALSE (0001ms, 1741ms total)
T26A4 1062:597 JLINK_IsHalted()  returns FALSE (0001ms, 1741ms total)
T26A4 1062:799 JLINK_IsHalted()  returns FALSE (0001ms, 1741ms total)
T26A4 1063:000 JLINK_IsHalted()  returns FALSE (0000ms, 1740ms total)
T26A4 1063:202 JLINK_IsHalted()  returns FALSE (0000ms, 1740ms total)
T26A4 1063:403 JLINK_IsHalted()  returns FALSE (0001ms, 1741ms total)
T26A4 1063:604 JLINK_IsHalted()  returns FALSE (0000ms, 1740ms total)
T26A4 1063:805 JLINK_IsHalted()  returns FALSE (0001ms, 1741ms total)
T26A4 1064:006 JLINK_IsHalted()  returns FALSE (0001ms, 1741ms total)
T26A4 1064:208 JLINK_IsHalted()  returns FALSE (0001ms, 1741ms total)
T26A4 1064:410 JLINK_IsHalted()  returns FALSE (0000ms, 1740ms total)
T26A4 1064:611 JLINK_IsHalted()  returns FALSE (0000ms, 1740ms total)
T26A4 1064:812 JLINK_IsHalted()  returns FALSE (0001ms, 1741ms total)
T26A4 1065:015 JLINK_IsHalted()  returns FALSE (0000ms, 1740ms total)
T26A4 1065:215 JLINK_IsHalted()  returns FALSE (0001ms, 1741ms total)
T26A4 1065:418 JLINK_IsHalted()  returns FALSE (0001ms, 1741ms total)
T26A4 1065:619 JLINK_IsHalted()  returns FALSE (0001ms, 1741ms total)
T26A4 1065:820 JLINK_IsHalted()  returns FALSE (0001ms, 1741ms total)
T26A4 1066:023 JLINK_IsHalted()  returns FALSE (0001ms, 1741ms total)
T26A4 1066:224 JLINK_IsHalted()  returns FALSE (0001ms, 1741ms total)
T26A4 1066:426 JLINK_IsHalted()  returns FALSE (0000ms, 1740ms total)
T26A4 1066:626 JLINK_IsHalted()  returns FALSE (0001ms, 1741ms total)
T26A4 1066:828 JLINK_IsHalted()  returns FALSE (0001ms, 1741ms total)
T26A4 1067:029 JLINK_IsHalted()  returns FALSE (0001ms, 1741ms total)
T26A4 1067:234 JLINK_IsHalted()  returns FALSE (0001ms, 1741ms total)
T26A4 1067:435 JLINK_IsHalted()  returns FALSE (0001ms, 1741ms total)
T26A4 1067:637 JLINK_IsHalted()  returns FALSE (0001ms, 1741ms total)
T26A4 1067:838 JLINK_IsHalted()  returns FALSE (0001ms, 1741ms total)
T26A4 1068:040 JLINK_IsHalted()  returns FALSE (0001ms, 1741ms total)
T26A4 1068:241 JLINK_IsHalted()  returns FALSE (0000ms, 1740ms total)
T26A4 1068:442 JLINK_IsHalted()  returns FALSE (0001ms, 1741ms total)
T26A4 1068:644 JLINK_IsHalted()  returns FALSE (0000ms, 1740ms total)
T26A4 1068:845 JLINK_IsHalted()  returns FALSE (0001ms, 1741ms total)
T26A4 1069:047 JLINK_IsHalted()  returns FALSE (0001ms, 1741ms total)
T26A4 1069:248 JLINK_IsHalted()  returns FALSE (0000ms, 1740ms total)
T26A4 1069:449 JLINK_IsHalted()  returns FALSE (0001ms, 1741ms total)
T26A4 1069:650 JLINK_IsHalted()  returns FALSE (0001ms, 1741ms total)
T26A4 1069:853 JLINK_IsHalted()  returns FALSE (0001ms, 1741ms total)
T26A4 1070:054 JLINK_IsHalted()  returns FALSE (0001ms, 1741ms total)
T26A4 1070:256 JLINK_IsHalted()  returns FALSE (0001ms, 1741ms total)
T26A4 1070:458 JLINK_IsHalted()  returns FALSE (0001ms, 1741ms total)
T26A4 1070:661 JLINK_IsHalted()  returns FALSE (0000ms, 1740ms total)
T26A4 1070:862 JLINK_IsHalted()  returns FALSE (0001ms, 1741ms total)
T26A4 1071:064 JLINK_IsHalted()  returns FALSE (0001ms, 1741ms total)
T26A4 1071:266 JLINK_IsHalted()  returns FALSE (0000ms, 1740ms total)
T26A4 1071:468 JLINK_IsHalted()  returns FALSE (0001ms, 1741ms total)
T26A4 1071:672 JLINK_IsHalted()  returns FALSE (0001ms, 1741ms total)
T26A4 1071:874 JLINK_IsHalted()  returns FALSE (0000ms, 1740ms total)
T26A4 1072:078 JLINK_IsHalted()  returns FALSE (0000ms, 1740ms total)
T26A4 1072:279 JLINK_IsHalted()  returns FALSE (0001ms, 1741ms total)
T26A4 1072:481 JLINK_IsHalted()  returns FALSE (0001ms, 1741ms total)
T26A4 1072:682 JLINK_IsHalted()  returns FALSE (0000ms, 1740ms total)
T26A4 1072:884 JLINK_IsHalted()  returns FALSE (0001ms, 1741ms total)
T26A4 1073:087 JLINK_IsHalted()  returns FALSE (0001ms, 1741ms total)
T26A4 1073:291 JLINK_IsHalted()  returns FALSE (0001ms, 1741ms total)
T26A4 1073:495 JLINK_IsHalted()  returns FALSE (0001ms, 1741ms total)
T26A4 1073:696 JLINK_IsHalted()  returns FALSE (0001ms, 1741ms total)
T26A4 1073:900 JLINK_IsHalted()  returns FALSE (0001ms, 1741ms total)
T26A4 1074:101 JLINK_IsHalted()  returns FALSE (0001ms, 1741ms total)
T26A4 1074:305 JLINK_IsHalted()  returns FALSE (0001ms, 1741ms total)
T26A4 1074:508 JLINK_IsHalted()  returns FALSE (0000ms, 1740ms total)
T26A4 1074:709 JLINK_IsHalted()  returns FALSE (0002ms, 1742ms total)
T26A4 1074:911 JLINK_IsHalted()  returns FALSE (0000ms, 1740ms total)
T26A4 1075:116 JLINK_IsHalted()  returns FALSE (0003ms, 1743ms total)
T26A4 1075:320 JLINK_IsHalted()  returns FALSE (0000ms, 1740ms total)
T26A4 1075:522 JLINK_IsHalted()  returns FALSE (0003ms, 1743ms total)
T26A4 1075:726 JLINK_IsHalted()  returns FALSE (0001ms, 1741ms total)
T26A4 1075:927 JLINK_IsHalted()  returns FALSE (0001ms, 1741ms total)
T26A4 1076:129 JLINK_IsHalted()  returns FALSE (0003ms, 1743ms total)
T26A4 1076:332 JLINK_IsHalted()  returns FALSE (0003ms, 1743ms total)
T26A4 1076:536 JLINK_IsHalted()  returns FALSE (0001ms, 1741ms total)
T26A4 1076:737 JLINK_IsHalted()  returns FALSE (0001ms, 1741ms total)
T26A4 1076:939 JLINK_IsHalted()  returns FALSE (0001ms, 1741ms total)
T26A4 1077:144 JLINK_IsHalted()  returns FALSE (0001ms, 1741ms total)
T26A4 1077:347 JLINK_IsHalted()  returns FALSE (0002ms, 1742ms total)
T26A4 1077:549 JLINK_IsHalted()  returns FALSE (0000ms, 1740ms total)
T26A4 1077:751 JLINK_IsHalted()  returns FALSE (0003ms, 1743ms total)
T26A4 1077:955 JLINK_IsHalted()  returns FALSE (0001ms, 1741ms total)
T26A4 1078:157 JLINK_IsHalted()  returns FALSE (0004ms, 1744ms total)
T26A4 1078:361 JLINK_IsHalted()  returns FALSE (0001ms, 1741ms total)
T26A4 1078:563 JLINK_IsHalted()  returns FALSE (0002ms, 1742ms total)
T26A4 1078:767 JLINK_IsHalted()  returns FALSE (0000ms, 1740ms total)
T26A4 1078:972 JLINK_IsHalted()  returns FALSE (0001ms, 1741ms total)
T26A4 1079:174 JLINK_IsHalted()  returns FALSE (0000ms, 1740ms total)
T26A4 1079:374 JLINK_IsHalted()  returns FALSE (0003ms, 1743ms total)
T26A4 1079:578 JLINK_IsHalted()  returns FALSE (0002ms, 1742ms total)
T26A4 1079:782 JLINK_IsHalted()  returns FALSE (0001ms, 1741ms total)
T26A4 1079:984 JLINK_IsHalted()  returns FALSE (0001ms, 1741ms total)
T26A4 1080:186 JLINK_IsHalted()  returns FALSE (0003ms, 1743ms total)
T26A4 1080:392 JLINK_IsHalted()  returns FALSE (0000ms, 1740ms total)
T26A4 1080:597 JLINK_IsHalted()  returns FALSE (0001ms, 1741ms total)
T26A4 1080:799 JLINK_IsHalted()  returns FALSE (0001ms, 1741ms total)
T26A4 1081:003 JLINK_IsHalted()  returns FALSE (0001ms, 1741ms total)
T26A4 1081:206 JLINK_IsHalted()  returns FALSE (0004ms, 1744ms total)
T26A4 1081:410 JLINK_IsHalted()  returns FALSE (0001ms, 1741ms total)
T3224 1081:474 JLINK_Halt()  returns 0x00 (0004ms, 1744ms total)
T26A4 1081:611 JLINK_IsHalted()  returns TRUE (0000ms, 1744ms total)
T26A4 1081:611 JLINK_GetMOEs(...) -- CPU_ReadMem(4 bytes @ 0xE000ED30)  returns 0x01 (0006ms, 1750ms total)
T26A4 1081:619 JLINK_ReadReg(R15 (PC))  returns 0x20000004 (0000ms, 1750ms total)
T117C 1081:621 JLINK_ResetPullsRESET(ON) (0000ms, 1750ms total)
T117C 1081:621 JLINK_ResetNoHalt() >0x10B TIF>Found SW-DP with ID 0x2BA01477 >0x0D TIF> >0x28 TIF> >0x0D TIF> >0x28 TIF> >0x0D TIF> >0x28 TIF> >0x0D TIF> >0x28 TIF> >0x0D TIF> >0x21 TIF> >0x0D TIF> >0x28 TIF>AP map detection skipped. User manually configured AP map.AP[0]: AHB-AP (IDR: Not set) >0x42 TIF> >0x28 TIF> >0x0D TIF> >0x21 TIF> >0x0D TIF> >0x21 TIF> >0x42 TIF> >0x28 TIF> >0x0D TIF> >0x28 TIF> >0x0D TIF> >0x28 TIF> >0x0D TIF> >0x21 TIF> >0x0D TIF> >0x21 TIF>AP[0]: Core found
AP[0]: AHB-AP ROM base: 0xE00FF000 >0x0D TIF> >0x28 TIF> >0x0D TIF> >0x28 TIF> >0x0D TIF> >0x28 TIF> >0x0D TIF> >0x21 TIF> >0x0D TIF> >0x21 TIF>CPUID register: 0x410FC241. Implementer code: 0x41 (ARM)Found Cortex-M4 r0p1, Little endian. -- CPU_ReadMem(4 bytes @ 0xE000EDF0) -- CPU_ReadMem(4 bytes @ 0xE0002000) -- CPU_ReadMem(4 bytes @ 0xE0001000) -- CPU_ReadMem(4 bytes @ 0xE000ED88) -- CPU_WriteMem(4 bytes @ 0xE000ED88) -- CPU_ReadMem(4 bytes @ 0xE000ED88) -- CPU_WriteMem(4 bytes @ 0xE000ED88)
CoreSight components:ROMTbl[0] @ E00FF000 -- CPU_ReadMem(16 bytes @ 0xE00FF000) -- CPU_ReadMem(16 bytes @ 0xE000EFF0) -- CPU_ReadMem(16 bytes @ 0xE000EFE0)ROMTbl[0][0]: E000E000, CID: B105E00D, PID: 000BB000 SCS -- CPU_WriteMem(4 bytes @ 0xE0001000) -- CPU_ReadMem(16 bytes @ 0xE0001FF0) -- CPU_ReadMem(16 bytes @ 0xE0001FE0)ROMTbl[0][1]: E0001000, CID: B105E00D, PID: 003BB002 DWT -- CPU_ReadMem(16 bytes @ 0xE0002FF0) -- CPU_ReadMem(16 bytes @ 0xE0002FE0)
ROMTbl[0][2]: E0002000, CID: B105E00D, PID: 002BB003 FPB -- CPU_ReadMem(16 bytes @ 0xE0000FF0) -- CPU_ReadMem(16 bytes @ 0xE0000FE0)ROMTbl[0][3]: E0000000, CID: B105E00D, PID: 003BB001 ITM -- CPU_ReadMem(16 bytes @ 0xE00FF010) -- CPU_ReadMem(16 bytes @ 0xE0040FF0) -- CPU_ReadMem(16 bytes @ 0xE0040FE0)ROMTbl[0][4]: E0040000, CID: B105900D, PID: 000BB9A1 TPIU
                JLINK_Reset() -- CPU_ReadMem(16 bytes @ 0x20000000) -- CPU_WriteMem(16 bytes @ 0x20000000) -- CPU_ReadMem(4 bytes @ 0xE000EDFC) -- CPU_WriteMem(4 bytes @ 0xE000EDFC) -- CPU_ReadMem(4 bytes @ 0xE0001000) -- CPU_WriteMem(4 bytes @ 0xE000EDFC) -- CPU_WriteMem(16 bytes @ 0x20000000) -- CPU_WriteMem(4 bytes @ 0xE0002000) -- CPU_ReadMem(4 bytes @ 0xE000EDFC) -- CPU_ReadMem(4 bytes @ 0xE0001000) (0035ms, 0035ms total)
                JLINK_Go() -- CPU_ReadMem(4 bytes @ 0xE0001000) -- CPU_WriteMem(4 bytes @ 0xE0002008) -- CPU_WriteMem(4 bytes @ 0xE000200C) -- CPU_WriteMem(4 bytes @ 0xE0002010) -- CPU_WriteMem(4 bytes @ 0xE0002014) -- CPU_WriteMem(4 bytes @ 0xE0002018) -- CPU_WriteMem(4 bytes @ 0xE000201C) -- CPU_WriteMem(4 bytes @ 0xE0001004) (0006ms, 0041ms total)
               (0190ms, 1940ms total)
